{"/Users/hio/Desktop/developer/2048/src/App.vue": {"path":"/Users/hio/Desktop/developer/2048/src/App.vue","statementMap":{"0":{"start":{"line":8,"column":0},"end":{"line":null,"column":-1}}},"fnMap":{},"branchMap":{},"s":{"0":0},"f":{},"b":{}}
,"/Users/hio/Desktop/developer/2048/src/components/block-row/Block.vue": {"path":"/Users/hio/Desktop/developer/2048/src/components/block-row/Block.vue","statementMap":{"0":{"start":{"line":8,"column":0},"end":{"line":null,"column":-1}},"1":{"start":{"line":23,"column":0},"end":{"line":null,"column":-1}},"2":{"start":{"line":25,"column":0},"end":{"line":null,"column":-1}}},"fnMap":{"0":{"name":"backgroundColor","decl":{"start":{"line":22,"column":0},"end":{"line":null,"column":-1}},"loc":{"start":{"line":22,"column":0},"end":{"line":26,"column":0}}}},"branchMap":{"0":{"loc":{"start":{"line":25,"column":0},"end":{"line":null,"column":-1}},"type":"cond-expr","locations":[{"start":{"line":25,"column":0},"end":{"line":null,"column":-1}},{"start":{"line":25,"column":0},"end":{"line":null,"column":-1}}]}},"s":{"0":1,"1":10,"2":10},"f":{"0":10},"b":{"0":[10,4]}}
,"/Users/hio/Desktop/developer/2048/src/components/block-row/Index.vue": {"path":"/Users/hio/Desktop/developer/2048/src/components/block-row/Index.vue","statementMap":{"0":{"start":{"line":12,"column":0},"end":{"line":null,"column":-1}},"1":{"start":{"line":28,"column":0},"end":{"line":null,"column":-1}}},"fnMap":{"0":{"name":"_default","decl":{"start":{"line":28,"column":0},"end":{"line":null,"column":-1}},"loc":{"start":{"line":28,"column":0},"end":{"line":null,"column":-1}}}},"branchMap":{},"s":{"0":0,"1":0},"f":{"0":0},"b":{}}
,"/Users/hio/Desktop/developer/2048/src/components/game-area/Board.vue": {"path":"/Users/hio/Desktop/developer/2048/src/components/game-area/Board.vue","statementMap":{"0":{"start":{"line":16,"column":0},"end":{"line":null,"column":-1}},"1":{"start":{"line":17,"column":0},"end":{"line":null,"column":-1}},"2":{"start":{"line":18,"column":0},"end":{"line":null,"column":-1}},"3":{"start":{"line":19,"column":0},"end":{"line":null,"column":-1}},"4":{"start":{"line":20,"column":0},"end":{"line":null,"column":-1}},"5":{"start":{"line":21,"column":0},"end":{"line":null,"column":-1}},"6":{"start":{"line":23,"column":0},"end":{"line":null,"column":-1}},"7":{"start":{"line":31,"column":0},"end":{"line":null,"column":-1}},"8":{"start":{"line":32,"column":0},"end":{"line":null,"column":-1}},"9":{"start":{"line":34,"column":0},"end":{"line":null,"column":-1}},"10":{"start":{"line":38,"column":0},"end":{"line":null,"column":-1}},"11":{"start":{"line":62,"column":0},"end":{"line":null,"column":-1}},"12":{"start":{"line":61,"column":0},"end":{"line":null,"column":-1}},"13":{"start":{"line":68,"column":0},"end":{"line":70,"column":0}},"14":{"start":{"line":69,"column":0},"end":{"line":null,"column":-1}},"15":{"start":{"line":72,"column":0},"end":{"line":null,"column":-1}},"16":{"start":{"line":73,"column":0},"end":{"line":null,"column":-1}},"17":{"start":{"line":75,"column":0},"end":{"line":78,"column":0}},"18":{"start":{"line":76,"column":0},"end":{"line":null,"column":-1}},"19":{"start":{"line":77,"column":0},"end":{"line":null,"column":-1}},"20":{"start":{"line":81,"column":0},"end":{"line":null,"column":-1}},"21":{"start":{"line":82,"column":0},"end":{"line":89,"column":0}},"22":{"start":{"line":83,"column":0},"end":{"line":null,"column":-1}},"23":{"start":{"line":84,"column":0},"end":{"line":null,"column":-1}},"24":{"start":{"line":86,"column":0},"end":{"line":88,"column":0}},"25":{"start":{"line":87,"column":0},"end":{"line":null,"column":-1}},"26":{"start":{"line":93,"column":0},"end":{"line":null,"column":-1}}},"fnMap":{"0":{"name":"mounted","decl":{"start":{"line":30,"column":0},"end":{"line":null,"column":-1}},"loc":{"start":{"line":30,"column":0},"end":{"line":35,"column":0}}},"1":{"name":"data","decl":{"start":{"line":37,"column":0},"end":{"line":null,"column":-1}},"loc":{"start":{"line":37,"column":0},"end":{"line":43,"column":0}}},"2":{"name":"shift","decl":{"start":{"line":61,"column":0},"end":{"line":null,"column":-1}},"loc":{"start":{"line":61,"column":0},"end":{"line":79,"column":0}}},"3":{"name":"listenKeyUpEvents","decl":{"start":{"line":81,"column":0},"end":{"line":null,"column":-1}},"loc":{"start":{"line":81,"column":0},"end":{"line":90,"column":0}}},"4":{"name":"(anonymous_6)","decl":{"start":{"line":82,"column":0},"end":{"line":null,"column":-1}},"loc":{"start":{"line":82,"column":0},"end":{"line":89,"column":0}}},"5":{"name":"listenSwipeEvents","decl":{"start":{"line":92,"column":0},"end":{"line":null,"column":-1}},"loc":{"start":{"line":92,"column":0},"end":{"line":94,"column":0}}}},"branchMap":{"0":{"loc":{"start":{"line":68,"column":0},"end":{"line":70,"column":0}},"type":"if","locations":[{"start":{"line":68,"column":0},"end":{"line":70,"column":0}},{"start":{"line":68,"column":0},"end":{"line":70,"column":0}}]},"1":{"loc":{"start":{"line":75,"column":0},"end":{"line":78,"column":0}},"type":"if","locations":[{"start":{"line":75,"column":0},"end":{"line":78,"column":0}},{"start":{"line":75,"column":0},"end":{"line":78,"column":0}}]},"2":{"loc":{"start":{"line":75,"column":0},"end":{"line":null,"column":-1}},"type":"binary-expr","locations":[{"start":{"line":75,"column":0},"end":{"line":null,"column":-1}},{"start":{"line":75,"column":0},"end":{"line":null,"column":-1}}]},"3":{"loc":{"start":{"line":86,"column":0},"end":{"line":88,"column":0}},"type":"if","locations":[{"start":{"line":86,"column":0},"end":{"line":88,"column":0}},{"start":{"line":86,"column":0},"end":{"line":88,"column":0}}]}},"s":{"0":0,"1":0,"2":0,"3":0,"4":0,"5":0,"6":0,"7":0,"8":0,"9":0,"10":0,"11":0,"12":0,"13":0,"14":0,"15":0,"16":0,"17":0,"18":0,"19":0,"20":0,"21":0,"22":0,"23":0,"24":0,"25":0,"26":0},"f":{"0":0,"1":0,"2":0,"3":0,"4":0,"5":0},"b":{"0":[0,0],"1":[0,0],"2":[0,0],"3":[0,0]}}
,"/Users/hio/Desktop/developer/2048/src/components/game-area/Header.vue": {"path":"/Users/hio/Desktop/developer/2048/src/components/game-area/Header.vue","statementMap":{"0":{"start":{"line":27,"column":0},"end":{"line":null,"column":-1}},"1":{"start":{"line":28,"column":0},"end":{"line":null,"column":-1}},"2":{"start":{"line":29,"column":0},"end":{"line":null,"column":-1}},"3":{"start":{"line":41,"column":0},"end":{"line":null,"column":-1}},"4":{"start":{"line":46,"column":0},"end":{"line":null,"column":-1}},"5":{"start":{"line":63,"column":0},"end":{"line":null,"column":-1}},"6":{"start":{"line":64,"column":0},"end":{"line":null,"column":-1}}},"fnMap":{"0":{"name":"achievementCompleted","decl":{"start":{"line":40,"column":0},"end":{"line":null,"column":-1}},"loc":{"start":{"line":40,"column":0},"end":{"line":42,"column":0}}},"1":{"name":"data","decl":{"start":{"line":45,"column":0},"end":{"line":null,"column":-1}},"loc":{"start":{"line":45,"column":0},"end":{"line":55,"column":0}}},"2":{"name":"startGame","decl":{"start":{"line":62,"column":0},"end":{"line":null,"column":-1}},"loc":{"start":{"line":62,"column":0},"end":{"line":65,"column":0}}}},"branchMap":{},"s":{"0":0,"1":0,"2":0,"3":0,"4":0,"5":0,"6":0},"f":{"0":0,"1":0,"2":0},"b":{}}
,"/Users/hio/Desktop/developer/2048/src/components/game-area/Index.vue": {"path":"/Users/hio/Desktop/developer/2048/src/components/game-area/Index.vue","statementMap":{"0":{"start":{"line":9,"column":0},"end":{"line":null,"column":-1}},"1":{"start":{"line":10,"column":0},"end":{"line":null,"column":-1}}},"fnMap":{},"branchMap":{},"s":{"0":0,"1":0},"f":{},"b":{}}
,"/Users/hio/Desktop/developer/2048/src/enums/CommonEnums.js": {"path":"/Users/hio/Desktop/developer/2048/src/enums/CommonEnums.js","statementMap":{"0":{"start":{"line":6,"column":8},"end":{"line":6,"column":83}},"1":{"start":{"line":7,"column":8},"end":{"line":7,"column":27}},"2":{"start":{"line":8,"column":8},"end":{"line":8,"column":35}},"3":{"start":{"line":9,"column":8},"end":{"line":21,"column":9}}},"fnMap":{"0":{"name":"(anonymous_0)","decl":{"start":{"line":5,"column":4},"end":{"line":5,"column":5}},"loc":{"start":{"line":5,"column":19},"end":{"line":22,"column":5}},"line":5}},"branchMap":{},"s":{"0":1,"1":1,"2":1,"3":1},"f":{"0":1},"b":{},"_coverageSchema":"332fd63041d2c1bcb487cc26dd0d5f7d97098a6c","hash":"e457f27d1dbbe7bea39e2423c28dc1ccc405c9f7"}
,"/Users/hio/Desktop/developer/2048/src/store/index.js": {"path":"/Users/hio/Desktop/developer/2048/src/store/index.js","statementMap":{"0":{"start":{"line":1,"column":0},"end":{"line":null,"column":-1}},"1":{"start":{"line":2,"column":0},"end":{"line":null,"column":-1}},"2":{"start":{"line":4,"column":0},"end":{"line":null,"column":-1}}},"fnMap":{},"branchMap":{},"s":{"0":0,"1":0,"2":0},"f":{},"b":{}}
,"/Users/hio/Desktop/developer/2048/src/store/modules/game-store/index.js": {"path":"/Users/hio/Desktop/developer/2048/src/store/modules/game-store/index.js","statementMap":{"0":{"start":{"line":1,"column":0},"end":{"line":null,"column":-1}},"1":{"start":{"line":3,"column":14},"end":{"line":3,"column":0}},"2":{"start":{"line":9,"column":16},"end":{"line":9,"column":0}},"3":{"start":{"line":10,"column":18},"end":{"line":9,"column":15}},"4":{"start":{"line":11,"column":18},"end":{"line":9,"column":15}},"5":{"start":{"line":12,"column":21},"end":{"line":9,"column":15}},"6":{"start":{"line":19,"column":6},"end":{"line":19,"column":-1}},"7":{"start":{"line":25,"column":48},"end":{"line":25,"column":47}},"8":{"start":{"line":26,"column":8},"end":{"line":null,"column":-1}},"9":{"start":{"line":33,"column":48},"end":{"line":33,"column":47}},"10":{"start":{"line":34,"column":8},"end":{"line":null,"column":-1}},"11":{"start":{"line":38,"column":6},"end":{"line":38,"column":-1}},"12":{"start":{"line":43,"column":49},"end":{"line":43,"column":48}},"13":{"start":{"line":44,"column":8},"end":{"line":null,"column":-1}},"14":{"start":{"line":51,"column":8},"end":{"line":null,"column":-1}}},"fnMap":{"0":{"name":"getBlockRows","decl":{"start":{"line":10,"column":18},"end":{"line":10,"column":26}},"loc":{"start":{"line":10,"column":18},"end":{"line":9,"column":16}}},"1":{"name":"getBestScore","decl":{"start":{"line":11,"column":18},"end":{"line":11,"column":26}},"loc":{"start":{"line":11,"column":18},"end":{"line":9,"column":16}}},"2":{"name":"getCurrentScore","decl":{"start":{"line":12,"column":21},"end":{"line":12,"column":29}},"loc":{"start":{"line":12,"column":21},"end":{"line":9,"column":16}}},"3":{"name":"(anonymous_5)","decl":{"start":{"line":19,"column":6},"end":{"line":25,"column":37}},"loc":{"start":{"line":25,"column":48},"end":{"line":19,"column":6}}},"4":{"name":"(anonymous_6)","decl":{"start":{"line":19,"column":6},"end":{"line":33,"column":40}},"loc":{"start":{"line":33,"column":48},"end":{"line":19,"column":6}}},"5":{"name":"(anonymous_7)","decl":{"start":{"line":38,"column":6},"end":{"line":43,"column":25}},"loc":{"start":{"line":43,"column":49},"end":{"line":38,"column":6}}},"6":{"name":"(anonymous_8)","decl":{"start":{"line":38,"column":6},"end":{"line":50,"column":28}},"loc":{"start":{"line":50,"column":43},"end":{"line":38,"column":6}}}},"branchMap":{},"s":{"0":0,"1":0,"2":0,"3":0,"4":0,"5":0,"6":0,"7":0,"8":0,"9":0,"10":0,"11":0,"12":0,"13":0,"14":0},"f":{"0":0,"1":0,"2":0,"3":0,"4":0,"5":0,"6":0},"b":{}}
,"/Users/hio/Desktop/developer/2048/src/store/modules/game-store/types.js": {"path":"/Users/hio/Desktop/developer/2048/src/store/modules/game-store/types.js","statementMap":{"0":{"start":{"line":1,"column":13},"end":{"line":1,"column":7}},"1":{"start":{"line":2,"column":13},"end":{"line":2,"column":7}}},"fnMap":{},"branchMap":{},"s":{"0":0,"1":0},"f":{},"b":{}}
,"/Users/hio/Desktop/developer/2048/src/utils/MatrixService.js": {"path":"/Users/hio/Desktop/developer/2048/src/utils/MatrixService.js","statementMap":{"0":{"start":{"line":8,"column":62},"end":{"line":8,"column":61}},"1":{"start":{"line":8,"column":62},"end":{"line":8,"column":33}},"2":{"start":{"line":8,"column":62},"end":{"line":null,"column":-1}},"3":{"start":{"line":9,"column":8},"end":{"line":null,"column":-1}},"4":{"start":{"line":10,"column":8},"end":{"line":null,"column":-1}},"5":{"start":{"line":11,"column":8},"end":{"line":null,"column":-1}},"6":{"start":{"line":13,"column":8},"end":{"line":null,"column":-1}},"7":{"start":{"line":20,"column":8},"end":{"line":null,"column":-1}},"8":{"start":{"line":28,"column":8},"end":{"line":null,"column":-1}},"9":{"start":{"line":28,"column":35},"end":{"line":28,"column":14}},"10":{"start":{"line":28,"column":50},"end":{"line":28,"column":41}},"11":{"start":{"line":36,"column":8},"end":{"line":null,"column":-1}},"12":{"start":{"line":38,"column":8},"end":{"line":44,"column":9}},"13":{"start":{"line":39,"column":12},"end":{"line":null,"column":-1}},"14":{"start":{"line":41,"column":12},"end":{"line":43,"column":13}},"15":{"start":{"line":42,"column":16},"end":{"line":null,"column":-1}},"16":{"start":{"line":46,"column":8},"end":{"line":null,"column":-1}},"17":{"start":{"line":54,"column":8},"end":{"line":56,"column":9}},"18":{"start":{"line":55,"column":12},"end":{"line":null,"column":-1}},"19":{"start":{"line":58,"column":21},"end":{"line":58,"column":8}},"20":{"start":{"line":60,"column":16},"end":{"line":60,"column":8}},"21":{"start":{"line":61,"column":16},"end":{"line":61,"column":8}},"22":{"start":{"line":63,"column":8},"end":{"line":67,"column":9}},"23":{"start":{"line":64,"column":12},"end":{"line":null,"column":-1}},"24":{"start":{"line":66,"column":12},"end":{"line":null,"column":-1}},"25":{"start":{"line":69,"column":8},"end":{"line":null,"column":-1}},"26":{"start":{"line":76,"column":8},"end":{"line":null,"column":-1}},"27":{"start":{"line":85,"column":8},"end":{"line":84,"column":22}},"28":{"start":{"line":86,"column":45},"end":{"line":84,"column":22}},"29":{"start":{"line":84,"column":22},"end":{"line":84,"column":21}},"30":{"start":{"line":87,"column":8},"end":{"line":null,"column":-1}},"31":{"start":{"line":89,"column":8},"end":{"line":null,"column":-1}},"32":{"start":{"line":97,"column":20},"end":{"line":97,"column":8}},"33":{"start":{"line":99,"column":8},"end":{"line":112,"column":9}},"34":{"start":{"line":100,"column":12},"end":{"line":null,"column":-1}},"35":{"start":{"line":102,"column":12},"end":{"line":109,"column":13}},"36":{"start":{"line":103,"column":16},"end":{"line":108,"column":17}},"37":{"start":{"line":104,"column":31},"end":{"line":104,"column":20}},"38":{"start":{"line":106,"column":20},"end":{"line":null,"column":-1}},"39":{"start":{"line":107,"column":20},"end":{"line":null,"column":-1}},"40":{"start":{"line":111,"column":12},"end":{"line":null,"column":-1}},"41":{"start":{"line":119,"column":20},"end":{"line":119,"column":8}},"42":{"start":{"line":120,"column":31},"end":{"line":120,"column":8}},"43":{"start":{"line":121,"column":8},"end":{"line":null,"column":-1}},"44":{"start":{"line":123,"column":8},"end":{"line":153,"column":9}},"45":{"start":{"line":124,"column":25},"end":{"line":124,"column":12}},"46":{"start":{"line":126,"column":12},"end":{"line":152,"column":13}},"47":{"start":{"line":127,"column":30},"end":{"line":127,"column":16}},"48":{"start":{"line":128,"column":27},"end":{"line":128,"column":16}},"49":{"start":{"line":130,"column":16},"end":{"line":132,"column":17}},"50":{"start":{"line":131,"column":20},"end":{"line":null,"column":-1}},"51":{"start":{"line":134,"column":16},"end":{"line":141,"column":17}},"52":{"start":{"line":135,"column":20},"end":{"line":null,"column":-1}},"53":{"start":{"line":136,"column":20},"end":{"line":null,"column":-1}},"54":{"start":{"line":137,"column":20},"end":{"line":null,"column":-1}},"55":{"start":{"line":138,"column":20},"end":{"line":null,"column":-1}},"56":{"start":{"line":140,"column":20},"end":{"line":null,"column":-1}},"57":{"start":{"line":143,"column":16},"end":{"line":151,"column":17}},"58":{"start":{"line":144,"column":20},"end":{"line":null,"column":-1}},"59":{"start":{"line":145,"column":20},"end":{"line":null,"column":-1}},"60":{"start":{"line":146,"column":20},"end":{"line":null,"column":-1}},"61":{"start":{"line":147,"column":20},"end":{"line":null,"column":-1}},"62":{"start":{"line":148,"column":20},"end":{"line":null,"column":-1}},"63":{"start":{"line":149,"column":20},"end":{"line":null,"column":-1}},"64":{"start":{"line":150,"column":20},"end":{"line":null,"column":-1}},"65":{"start":{"line":155,"column":8},"end":{"line":null,"column":-1}},"66":{"start":{"line":157,"column":8},"end":{"line":null,"column":-1}},"67":{"start":{"line":164,"column":8},"end":{"line":null,"column":-1}},"68":{"start":{"line":164,"column":32},"end":{"line":164,"column":14}},"69":{"start":{"line":164,"column":59},"end":{"line":164,"column":103}},"70":{"start":{"line":171,"column":8},"end":{"line":null,"column":-1}},"71":{"start":{"line":171,"column":32},"end":{"line":171,"column":14}},"72":{"start":{"line":171,"column":47},"end":{"line":171,"column":38}},"73":{"start":{"line":179,"column":8},"end":{"line":null,"column":-1}}},"fnMap":{"0":{"name":"MatrixService","decl":{"start":{"line":8,"column":4},"end":{"line":8,"column":61}},"loc":{"start":{"line":8,"column":62},"end":{"line":14,"column":5}}},"1":{"name":"(anonymous_5)","decl":{"start":{"line":28,"column":35},"end":{"line":28,"column":41}},"loc":{"start":{"line":28,"column":35},"end":{"line":28,"column":15}}},"2":{"name":"(anonymous_6)","decl":{"start":{"line":28,"column":50},"end":{"line":28,"column":59}},"loc":{"start":{"line":28,"column":50},"end":{"line":28,"column":42}}},"3":{"name":"(anonymous_14)","decl":{"start":{"line":164,"column":32},"end":{"line":164,"column":38}},"loc":{"start":{"line":164,"column":32},"end":{"line":164,"column":15}}},"4":{"name":"(anonymous_15)","decl":{"start":{"line":164,"column":47},"end":{"line":164,"column":56}},"loc":{"start":{"line":164,"column":57},"end":{"line":164,"column":39}}},"5":{"name":"(anonymous_17)","decl":{"start":{"line":171,"column":32},"end":{"line":171,"column":38}},"loc":{"start":{"line":171,"column":32},"end":{"line":171,"column":15}}},"6":{"name":"(anonymous_18)","decl":{"start":{"line":171,"column":47},"end":{"line":171,"column":56}},"loc":{"start":{"line":171,"column":47},"end":{"line":171,"column":39}}}},"branchMap":{"0":{"loc":{"start":{"line":8,"column":62},"end":{"line":8,"column":57}},"type":"cond-expr","locations":[{"start":{"line":8,"column":62},"end":{"line":8,"column":57}},{"start":{"line":8,"column":58},"end":{"line":8,"column":62}}]},"1":{"loc":{"start":{"line":8,"column":62},"end":{"line":8,"column":57}},"type":"binary-expr","locations":[{"start":{"line":8,"column":62},"end":{"line":8,"column":57}},{"start":{"line":8,"column":62},"end":{"line":8,"column":57}}]},"2":{"loc":{"start":{"line":8,"column":28},"end":{"line":8,"column":62}},"type":"cond-expr","locations":[{"start":{"line":8,"column":28},"end":{"line":8,"column":62}},{"start":{"line":8,"column":62},"end":{"line":8,"column":33}}]},"3":{"loc":{"start":{"line":8,"column":52},"end":{"line":8,"column":62}},"type":"cond-expr","locations":[{"start":{"line":8,"column":52},"end":{"line":8,"column":62}},{"start":{"line":8,"column":62},"end":{"line":null,"column":-1}}]},"4":{"loc":{"start":{"line":54,"column":8},"end":{"line":56,"column":9}},"type":"if","locations":[{"start":{"line":54,"column":8},"end":{"line":56,"column":9}},{"start":{"line":54,"column":8},"end":{"line":56,"column":9}}]},"5":{"loc":{"start":{"line":54,"column":12},"end":{"line":54,"column":11}},"type":"binary-expr","locations":[{"start":{"line":54,"column":12},"end":{"line":54,"column":11}},{"start":{"line":54,"column":27},"end":{"line":54,"column":8}}]},"6":{"loc":{"start":{"line":63,"column":8},"end":{"line":67,"column":9}},"type":"if","locations":[{"start":{"line":63,"column":8},"end":{"line":67,"column":9}},{"start":{"line":63,"column":8},"end":{"line":67,"column":9}}]},"7":{"loc":{"start":{"line":130,"column":16},"end":{"line":132,"column":17}},"type":"if","locations":[{"start":{"line":130,"column":16},"end":{"line":132,"column":17}},{"start":{"line":130,"column":16},"end":{"line":132,"column":17}}]},"8":{"loc":{"start":{"line":134,"column":16},"end":{"line":141,"column":17}},"type":"if","locations":[{"start":{"line":134,"column":16},"end":{"line":141,"column":17}},{"start":{"line":134,"column":16},"end":{"line":141,"column":17}}]},"9":{"loc":{"start":{"line":143,"column":16},"end":{"line":151,"column":17}},"type":"if","locations":[{"start":{"line":143,"column":16},"end":{"line":151,"column":17}},{"start":{"line":143,"column":16},"end":{"line":151,"column":17}}]},"10":{"loc":{"start":{"line":143,"column":20},"end":{"line":143,"column":19}},"type":"binary-expr","locations":[{"start":{"line":143,"column":20},"end":{"line":143,"column":19}},{"start":{"line":143,"column":52},"end":{"line":143,"column":20}},{"start":{"line":143,"column":71},"end":{"line":143,"column":16}}]}},"s":{"0":0,"1":0,"2":0,"3":0,"4":0,"5":0,"6":0,"7":0,"8":0,"9":0,"10":0,"11":0,"12":0,"13":0,"14":0,"15":0,"16":0,"17":0,"18":0,"19":0,"20":0,"21":0,"22":0,"23":0,"24":0,"25":0,"26":0,"27":0,"28":0,"29":0,"30":0,"31":0,"32":0,"33":0,"34":0,"35":0,"36":0,"37":0,"38":0,"39":0,"40":0,"41":0,"42":0,"43":0,"44":0,"45":0,"46":0,"47":0,"48":0,"49":0,"50":0,"51":0,"52":0,"53":0,"54":0,"55":0,"56":0,"57":0,"58":0,"59":0,"60":0,"61":0,"62":0,"63":0,"64":0,"65":0,"66":0,"67":0,"68":0,"69":0,"70":0,"71":0,"72":0,"73":0},"f":{"0":0,"1":0,"2":0,"3":0,"4":0,"5":0,"6":0},"b":{"0":[0,0],"1":[0,0],"2":[0,0],"3":[0,0],"4":[0,0],"5":[0,0],"6":[0,0],"7":[0,0],"8":[0,0],"9":[0,0],"10":[0,0,0]}}
,"/Users/hio/Desktop/developer/2048/src/utils/StorageService.js": {"path":"/Users/hio/Desktop/developer/2048/src/utils/StorageService.js","statementMap":{"0":{"start":{"line":2,"column":19},"end":{"line":null,"column":-1}},"1":{"start":{"line":3,"column":8},"end":{"line":null,"column":-1}},"2":{"start":{"line":11,"column":8},"end":{"line":null,"column":-1}},"3":{"start":{"line":18,"column":25},"end":{"line":18,"column":24}},"4":{"start":{"line":19,"column":8},"end":{"line":null,"column":-1}}},"fnMap":{"0":{"name":"StorageService","decl":{"start":{"line":2,"column":4},"end":{"line":2,"column":18}},"loc":{"start":{"line":2,"column":19},"end":{"line":4,"column":5}}}},"branchMap":{},"s":{"0":0,"1":0,"2":0,"3":0,"4":0},"f":{"0":0},"b":{}}
,"/Users/hio/Desktop/developer/2048/src/utils/Swipe.js": {"path":"/Users/hio/Desktop/developer/2048/src/utils/Swipe.js","statementMap":{"0":{"start":{"line":2,"column":19},"end":{"line":null,"column":-1}},"1":{"start":{"line":3,"column":8},"end":{"line":null,"column":-1}},"2":{"start":{"line":4,"column":8},"end":{"line":null,"column":-1}},"3":{"start":{"line":5,"column":8},"end":{"line":null,"column":-1}},"4":{"start":{"line":12,"column":8},"end":{"line":null,"column":-1}},"5":{"start":{"line":14,"column":8},"end":{"line":null,"column":-1}},"6":{"start":{"line":15,"column":8},"end":{"line":null,"column":-1}},"7":{"start":{"line":22,"column":8},"end":{"line":null,"column":-1}},"8":{"start":{"line":23,"column":8},"end":{"line":null,"column":-1}},"9":{"start":{"line":30,"column":8},"end":{"line":32,"column":9}},"10":{"start":{"line":31,"column":12},"end":{"line":null,"column":-1}},"11":{"start":{"line":34,"column":18},"end":{"line":34,"column":8}},"12":{"start":{"line":35,"column":18},"end":{"line":35,"column":8}},"13":{"start":{"line":37,"column":30},"end":{"line":37,"column":8}},"14":{"start":{"line":38,"column":30},"end":{"line":38,"column":8}},"15":{"start":{"line":40,"column":8},"end":{"line":52,"column":9}},"16":{"start":{"line":41,"column":12},"end":{"line":45,"column":13}},"17":{"start":{"line":42,"column":16},"end":{"line":null,"column":-1}},"18":{"start":{"line":44,"column":16},"end":{"line":null,"column":-1}},"19":{"start":{"line":47,"column":12},"end":{"line":51,"column":13}},"20":{"start":{"line":48,"column":16},"end":{"line":null,"column":-1}},"21":{"start":{"line":50,"column":16},"end":{"line":null,"column":-1}},"22":{"start":{"line":54,"column":8},"end":{"line":null,"column":-1}},"23":{"start":{"line":55,"column":8},"end":{"line":null,"column":-1}}},"fnMap":{"0":{"name":"Swipe","decl":{"start":{"line":2,"column":4},"end":{"line":2,"column":18}},"loc":{"start":{"line":2,"column":19},"end":{"line":6,"column":5}}}},"branchMap":{"0":{"loc":{"start":{"line":30,"column":8},"end":{"line":32,"column":9}},"type":"if","locations":[{"start":{"line":30,"column":8},"end":{"line":32,"column":9}},{"start":{"line":30,"column":8},"end":{"line":32,"column":9}}]},"1":{"loc":{"start":{"line":30,"column":12},"end":{"line":30,"column":11}},"type":"binary-expr","locations":[{"start":{"line":30,"column":12},"end":{"line":30,"column":11}},{"start":{"line":30,"column":27},"end":{"line":30,"column":8}}]},"2":{"loc":{"start":{"line":40,"column":8},"end":{"line":52,"column":9}},"type":"if","locations":[{"start":{"line":40,"column":8},"end":{"line":52,"column":9}},{"start":{"line":40,"column":8},"end":{"line":52,"column":9}}]},"3":{"loc":{"start":{"line":41,"column":12},"end":{"line":45,"column":13}},"type":"if","locations":[{"start":{"line":41,"column":12},"end":{"line":45,"column":13}},{"start":{"line":41,"column":12},"end":{"line":45,"column":13}}]},"4":{"loc":{"start":{"line":47,"column":12},"end":{"line":51,"column":13}},"type":"if","locations":[{"start":{"line":47,"column":12},"end":{"line":51,"column":13}},{"start":{"line":47,"column":12},"end":{"line":51,"column":13}}]}},"s":{"0":0,"1":0,"2":0,"3":0,"4":0,"5":0,"6":0,"7":0,"8":0,"9":0,"10":0,"11":0,"12":0,"13":0,"14":0,"15":0,"16":0,"17":0,"18":0,"19":0,"20":0,"21":0,"22":0,"23":0},"f":{"0":0},"b":{"0":[0,0],"1":[0,0],"2":[0,0],"3":[0,0],"4":[0,0]}}
}
