TN:
SF:/Users/hio/Desktop/developer/2048/src/App.vue
FNF:0
FNH:0
DA:8,0
LF:1
LH:0
BRF:0
BRH:0
end_of_record
TN:
SF:/Users/hio/Desktop/developer/2048/src/components/block-row/Block.vue
FN:22,backgroundColor
FNF:1
FNH:1
FNDA:10,backgroundColor
DA:8,1
DA:23,10
DA:25,10
LF:3
LH:3
BRDA:25,0,0,10
BRDA:25,0,1,4
BRF:2
BRH:2
end_of_record
TN:
SF:/Users/hio/Desktop/developer/2048/src/components/block-row/Index.vue
FN:28,_default
FNF:1
FNH:0
FNDA:0,_default
DA:12,0
DA:28,0
LF:2
LH:0
BRF:0
BRH:0
end_of_record
TN:
SF:/Users/hio/Desktop/developer/2048/src/components/game-area/Board.vue
FN:30,mounted
FN:37,data
FN:61,shift
FN:81,listenKeyUpEvents
FN:82,(anonymous_6)
FN:92,listenSwipeEvents
FNF:6
FNH:0
FNDA:0,mounted
FNDA:0,data
FNDA:0,shift
FNDA:0,listenKeyUpEvents
FNDA:0,(anonymous_6)
FNDA:0,listenSwipeEvents
DA:16,0
DA:17,0
DA:18,0
DA:19,0
DA:20,0
DA:21,0
DA:23,0
DA:31,0
DA:32,0
DA:34,0
DA:38,0
DA:61,0
DA:62,0
DA:68,0
DA:69,0
DA:72,0
DA:73,0
DA:75,0
DA:76,0
DA:77,0
DA:81,0
DA:82,0
DA:83,0
DA:84,0
DA:86,0
DA:87,0
DA:93,0
LF:27
LH:0
BRDA:68,0,0,0
BRDA:68,0,1,0
BRDA:75,1,0,0
BRDA:75,1,1,0
BRDA:75,2,0,0
BRDA:75,2,1,0
BRDA:86,3,0,0
BRDA:86,3,1,0
BRF:8
BRH:0
end_of_record
TN:
SF:/Users/hio/Desktop/developer/2048/src/components/game-area/Header.vue
FN:40,achievementCompleted
FN:45,data
FN:62,startGame
FNF:3
FNH:0
FNDA:0,achievementCompleted
FNDA:0,data
FNDA:0,startGame
DA:27,0
DA:28,0
DA:29,0
DA:41,0
DA:46,0
DA:63,0
DA:64,0
LF:7
LH:0
BRF:0
BRH:0
end_of_record
TN:
SF:/Users/hio/Desktop/developer/2048/src/components/game-area/Index.vue
FNF:0
FNH:0
DA:9,0
DA:10,0
LF:2
LH:0
BRF:0
BRH:0
end_of_record
TN:
SF:/Users/hio/Desktop/developer/2048/src/enums/CommonEnums.js
FN:5,(anonymous_0)
FNF:1
FNH:1
FNDA:1,(anonymous_0)
DA:6,1
DA:7,1
DA:8,1
DA:9,1
LF:4
LH:4
BRF:0
BRH:0
end_of_record
TN:
SF:/Users/hio/Desktop/developer/2048/src/store/index.js
FNF:0
FNH:0
DA:1,0
DA:2,0
DA:4,0
LF:3
LH:0
BRF:0
BRH:0
end_of_record
TN:
SF:/Users/hio/Desktop/developer/2048/src/store/modules/game-store/index.js
FN:10,getBlockRows
FN:11,getBestScore
FN:12,getCurrentScore
FN:19,(anonymous_5)
FN:19,(anonymous_6)
FN:38,(anonymous_7)
FN:38,(anonymous_8)
FNF:7
FNH:0
FNDA:0,getBlockRows
FNDA:0,getBestScore
FNDA:0,getCurrentScore
FNDA:0,(anonymous_5)
FNDA:0,(anonymous_6)
FNDA:0,(anonymous_7)
FNDA:0,(anonymous_8)
DA:1,0
DA:3,0
DA:9,0
DA:10,0
DA:11,0
DA:12,0
DA:19,0
DA:25,0
DA:26,0
DA:33,0
DA:34,0
DA:38,0
DA:43,0
DA:44,0
DA:51,0
LF:15
LH:0
BRF:0
BRH:0
end_of_record
TN:
SF:/Users/hio/Desktop/developer/2048/src/store/modules/game-store/types.js
FNF:0
FNH:0
DA:1,0
DA:2,0
LF:2
LH:0
BRF:0
BRH:0
end_of_record
TN:
SF:/Users/hio/Desktop/developer/2048/src/utils/MatrixService.js
FN:8,MatrixService
FN:28,(anonymous_5)
FN:28,(anonymous_6)
FN:164,(anonymous_14)
FN:164,(anonymous_15)
FN:171,(anonymous_17)
FN:171,(anonymous_18)
FNF:7
FNH:0
FNDA:0,MatrixService
FNDA:0,(anonymous_5)
FNDA:0,(anonymous_6)
FNDA:0,(anonymous_14)
FNDA:0,(anonymous_15)
FNDA:0,(anonymous_17)
FNDA:0,(anonymous_18)
DA:8,0
DA:9,0
DA:10,0
DA:11,0
DA:13,0
DA:20,0
DA:28,0
DA:36,0
DA:38,0
DA:39,0
DA:41,0
DA:42,0
DA:46,0
DA:54,0
DA:55,0
DA:58,0
DA:60,0
DA:61,0
DA:63,0
DA:64,0
DA:66,0
DA:69,0
DA:76,0
DA:84,0
DA:85,0
DA:86,0
DA:87,0
DA:89,0
DA:97,0
DA:99,0
DA:100,0
DA:102,0
DA:103,0
DA:104,0
DA:106,0
DA:107,0
DA:111,0
DA:119,0
DA:120,0
DA:121,0
DA:123,0
DA:124,0
DA:126,0
DA:127,0
DA:128,0
DA:130,0
DA:131,0
DA:134,0
DA:135,0
DA:136,0
DA:137,0
DA:138,0
DA:140,0
DA:143,0
DA:144,0
DA:145,0
DA:146,0
DA:147,0
DA:148,0
DA:149,0
DA:150,0
DA:155,0
DA:157,0
DA:164,0
DA:171,0
DA:179,0
LF:66
LH:0
BRDA:8,0,0,0
BRDA:8,0,1,0
BRDA:8,1,0,0
BRDA:8,1,1,0
BRDA:8,2,0,0
BRDA:8,2,1,0
BRDA:8,3,0,0
BRDA:8,3,1,0
BRDA:54,4,0,0
BRDA:54,4,1,0
BRDA:54,5,0,0
BRDA:54,5,1,0
BRDA:63,6,0,0
BRDA:63,6,1,0
BRDA:130,7,0,0
BRDA:130,7,1,0
BRDA:134,8,0,0
BRDA:134,8,1,0
BRDA:143,9,0,0
BRDA:143,9,1,0
BRDA:143,10,0,0
BRDA:143,10,1,0
BRDA:143,10,2,0
BRF:23
BRH:0
end_of_record
TN:
SF:/Users/hio/Desktop/developer/2048/src/utils/StorageService.js
FN:2,StorageService
FNF:1
FNH:0
FNDA:0,StorageService
DA:2,0
DA:3,0
DA:11,0
DA:18,0
DA:19,0
LF:5
LH:0
BRF:0
BRH:0
end_of_record
TN:
SF:/Users/hio/Desktop/developer/2048/src/utils/Swipe.js
FN:2,Swipe
FNF:1
FNH:0
FNDA:0,Swipe
DA:2,0
DA:3,0
DA:4,0
DA:5,0
DA:12,0
DA:14,0
DA:15,0
DA:22,0
DA:23,0
DA:30,0
DA:31,0
DA:34,0
DA:35,0
DA:37,0
DA:38,0
DA:40,0
DA:41,0
DA:42,0
DA:44,0
DA:47,0
DA:48,0
DA:50,0
DA:54,0
DA:55,0
LF:24
LH:0
BRDA:30,0,0,0
BRDA:30,0,1,0
BRDA:30,1,0,0
BRDA:30,1,1,0
BRDA:40,2,0,0
BRDA:40,2,1,0
BRDA:41,3,0,0
BRDA:41,3,1,0
BRDA:47,4,0,0
BRDA:47,4,1,0
BRF:10
BRH:0
end_of_record
